{
  "RSpec": {
    "coverage": {
      "/home/diana_s/ruby_academy/unicef_baby/app/models/admin.rb": {
        "lines": [
          1,
          null,
          null,
          1,
          null,
          1,
          null
        ]
      },
      "/home/diana_s/ruby_academy/unicef_baby/app/models/application_record.rb": {
        "lines": [
          1,
          1,
          null
        ]
      },
      "/home/diana_s/ruby_academy/unicef_baby/app/helpers/application_helper.rb": {
        "lines": [
          1,
          null
        ]
      },
      "/home/diana_s/ruby_academy/unicef_baby/app/helpers/navigation_helper.rb": {
        "lines": [
          1,
          1,
          40,
          null,
          null
        ]
      },
      "/home/diana_s/ruby_academy/unicef_baby/app/channels/application_cable/channel.rb": {
        "lines": [
          1,
          1,
          null,
          null
        ]
      },
      "/home/diana_s/ruby_academy/unicef_baby/app/channels/application_cable/connection.rb": {
        "lines": [
          1,
          1,
          null,
          null
        ]
      },
      "/home/diana_s/ruby_academy/unicef_baby/app/controllers/admins/sessions_controller.rb": {
        "lines": [
          null,
          null,
          1,
          null,
          null,
          null,
          null,
          null,
          null,
          null,
          null,
          null,
          null,
          null,
          null,
          null,
          null,
          null,
          null,
          null,
          null,
          null,
          null,
          null,
          null,
          null,
          null
        ]
      },
      "/home/diana_s/ruby_academy/unicef_baby/app/controllers/application_controller.rb": {
        "lines": [
          1,
          null,
          null,
          1,
          1,
          11,
          null,
          null
        ]
      },
      "/home/diana_s/ruby_academy/unicef_baby/app/controllers/articles_controller.rb": {
        "lines": [
          1,
          null,
          1,
          1,
          1,
          1,
          1,
          3,
          null,
          null,
          1,
          0,
          null,
          null,
          1,
          null,
          null,
          1,
          0,
          null,
          null,
          1,
          0,
          0,
          0,
          0,
          0,
          null,
          0,
          0,
          null,
          null,
          null,
          1,
          0,
          0,
          0,
          null,
          0,
          0,
          null,
          null,
          null,
          1,
          0,
          0,
          0,
          null,
          null,
          1,
          0,
          null,
          0,
          0,
          0,
          null,
          null,
          null,
          0,
          0,
          0,
          0,
          null,
          null,
          null,
          null,
          1,
          null,
          1,
          0,
          null,
          null,
          null,
          null,
          1,
          3,
          null,
          null,
          1,
          0,
          null,
          null,
          1,
          0,
          null,
          null
        ]
      },
      "/home/diana_s/ruby_academy/unicef_baby/app/controllers/categories_controller.rb": {
        "lines": [
          1,
          1,
          null,
          1,
          null,
          null,
          1,
          0,
          null,
          null,
          1,
          null,
          1,
          0,
          null,
          null,
          1,
          0,
          null,
          null
        ]
      },
      "/home/diana_s/ruby_academy/unicef_baby/app/controllers/static_pages_controller.rb": {
        "lines": [
          1,
          1,
          null,
          1,
          null,
          null,
          1,
          null,
          null,
          1,
          null,
          null
        ]
      },
      "/home/diana_s/ruby_academy/unicef_baby/app/jobs/send_notif_about_new_article_job.rb": {
        "lines": [
          1,
          null,
          1,
          1,
          0,
          null,
          null
        ]
      },
      "/home/diana_s/ruby_academy/unicef_baby/app/jobs/application_job.rb": {
        "lines": [
          1,
          null,
          null,
          null,
          null,
          null,
          null
        ]
      },
      "/home/diana_s/ruby_academy/unicef_baby/app/mailers/admin_mailer.rb": {
        "lines": [
          1,
          1,
          null,
          null,
          1,
          0,
          0,
          null,
          null
        ]
      },
      "/home/diana_s/ruby_academy/unicef_baby/app/mailers/application_mailer.rb": {
        "lines": [
          1,
          1,
          1,
          null
        ]
      },
      "/home/diana_s/ruby_academy/unicef_baby/app/models/article.rb": {
        "lines": [
          1,
          1,
          null,
          null,
          1,
          null,
          4,
          null,
          1,
          null,
          1,
          null,
          null,
          null,
          null,
          1,
          null,
          null,
          null,
          null,
          null,
          null,
          null,
          null,
          null,
          null,
          null,
          null,
          null,
          null,
          null,
          null,
          null,
          null,
          1,
          0,
          null,
          null
        ]
      },
      "/home/diana_s/ruby_academy/unicef_baby/app/uploaders/article_uploader.rb": {
        "lines": [
          1,
          null,
          null,
          null,
          null,
          null,
          1,
          null,
          1,
          0,
          null,
          null,
          1,
          20,
          null,
          null,
          null,
          null,
          null,
          null,
          null,
          null,
          null,
          null,
          null,
          null,
          null,
          null,
          null,
          null,
          null,
          null,
          null,
          null,
          null,
          null,
          null,
          null,
          null,
          null,
          null,
          null,
          null,
          null,
          null,
          null,
          null,
          null
        ]
      },
      "/home/diana_s/ruby_academy/unicef_baby/app/models/category.rb": {
        "lines": [
          1,
          null,
          1,
          null,
          null,
          null,
          1,
          null,
          1,
          null
        ]
      },
      "/home/diana_s/ruby_academy/unicef_baby/app/workers/hard_worker.rb": {
        "lines": [
          1,
          1,
          null,
          1,
          null,
          null,
          null
        ]
      },
      "/home/diana_s/ruby_academy/unicef_baby/app/controllers/admins/omniauth_callbacks_controller.rb": {
        "lines": [
          null,
          null,
          0,
          null,
          null,
          null,
          null,
          null,
          null,
          null,
          null,
          null,
          null,
          null,
          null,
          null,
          null,
          null,
          null,
          null,
          null,
          null,
          null,
          null,
          null,
          null,
          null,
          null,
          null,
          0
        ],
        "branches": {
        }
      }
    },
    "timestamp": 1637691324
  }
}
